<?xml version="1.0" encoding="UTF-8"?>
<testng-results ignored="1" total="2" passed="1" failed="0" skipped="0">
  <reporter-output>
  </reporter-output>
  <suite started-at="2022-07-23T22:29:06 IST" name="Default suite" finished-at="2022-07-23T22:29:10 IST" duration-ms="4549">
    <groups>
    </groups>
    <test started-at="2022-07-23T22:29:06 IST" name="Default test" finished-at="2022-07-23T22:29:10 IST" duration-ms="4549">
      <class name="testRCBApi.ApiTest">
        <test-method signature="validateAtleastOneWicketKeeperPlays()[pri:0, instance:testRCBApi.ApiTest@4659191b]" started-at="2022-07-23T22:29:06 IST" name="validateAtleastOneWicketKeeperPlays" finished-at="2022-07-23T22:29:10 IST" duration-ms="4379" status="PASS">
          <reporter-output>
          </reporter-output>
        </test-method> <!-- validateAtleastOneWicketKeeperPlays -->
      </class> <!-- testRCBApi.ApiTest -->
    </test> <!-- Default test -->
  </suite> <!-- Default suite -->
</testng-results>
