<?xml version="1.0" encoding="UTF-8"?>
<testng-results ignored="0" total="3" passed="3" failed="0" skipped="0">
  <reporter-output>
  </reporter-output>
  <suite started-at="2022-07-24T00:29:21 IST" name="Gradle suite" finished-at="2022-07-24T00:29:25 IST" duration-ms="4905">
    <groups>
    </groups>
    <test started-at="2022-07-24T00:29:21 IST" name="Gradle test" finished-at="2022-07-24T00:29:25 IST" duration-ms="4905">
      <class name="testRCBApi.LibraryTest">
        <test-method signature="someLibraryMethodReturnsTrue()[pri:0, instance:testRCBApi.LibraryTest@1f75a668]" started-at="2022-07-24T00:29:25 IST" name="someLibraryMethodReturnsTrue" finished-at="2022-07-24T00:29:25 IST" duration-ms="11" status="PASS">
          <reporter-output>
          </reporter-output>
        </test-method> <!-- someLibraryMethodReturnsTrue -->
      </class> <!-- testRCBApi.LibraryTest -->
      <class name="testRCBApi.ApiTest">
        <test-method signature="validateAtleastOneWicketKeeperPlays()[pri:0, instance:testRCBApi.ApiTest@4032d386]" started-at="2022-07-24T00:29:21 IST" name="validateAtleastOneWicketKeeperPlays" finished-at="2022-07-24T00:29:25 IST" duration-ms="4312" status="PASS">
          <reporter-output>
          </reporter-output>
        </test-method> <!-- validateAtleastOneWicketKeeperPlays -->
        <test-method signature="validateFourOverseasPlayers()[pri:0, instance:testRCBApi.ApiTest@4032d386]" started-at="2022-07-24T00:29:25 IST" name="validateFourOverseasPlayers" finished-at="2022-07-24T00:29:25 IST" duration-ms="433" status="PASS">
          <reporter-output>
          </reporter-output>
        </test-method> <!-- validateFourOverseasPlayers -->
      </class> <!-- testRCBApi.ApiTest -->
    </test> <!-- Gradle test -->
  </suite> <!-- Gradle suite -->
</testng-results>
