<?xml version="1.0" encoding="UTF-8"?>
<!-- Generated by org.testng.reporters.JUnitXMLReporter -->
<testsuite ignored="1" hostname="INBANGNBDELL23" failures="0" tests="1" name="Default test" time="4.549" errors="0" timestamp="2022-07-23T22:29:10 IST">
  <testcase classname="testRCBApi.ApiTest" name="validateAtleastOneWicketKeeperPlays" time="4.379"/>
  <testcase classname="testRCBApi.ApiTest" name="validateFourOverseasPlayers" time="0.0">
    <ignored/>
  </testcase> <!-- validateFourOverseasPlayers -->
</testsuite> <!-- Default test -->
